<?xml version="1.0" encoding="UTF-8"?>
<!-- Generated by org.testng.reporters.JUnitXMLReporter -->
<testsuite ignored="0" hostname="DESKTOP-2336HU1" failures="0" tests="3" name="TestNGProject" time="19.475" errors="0" timestamp="2023-02-17T12:42:57 TRT">
  <testcase classname="com.exelenter.class02._01_ValidationTests" name="logoValidation" time="0.045"/>
  <testcase classname="com.exelenter.class02._01_ValidationTests" name="titleValidation" time="0.006"/>
  <testcase classname="com.exelenter.class02._01_ValidationTests" name="validLoginTest" time="4.661"/>
</testsuite> <!-- TestNGProject -->
