<?xml version="1.0" encoding="UTF-8"?>
<!-- Generated by org.testng.reporters.JUnitXMLReporter -->
<testsuite ignored="0" hostname="DESKTOP-2336HU1" failures="0" tests="8" name="TestNGProject" time="67.415" errors="0" timestamp="2023-02-23T18:57:25 TRT">
  <testcase classname="com.exelenter.class05._03_HW_LoginTestNegative" name="userLogin" time="1.776"/>
  <testcase classname="com.exelenter.class05._03_HW_LoginTestNegative" name="userLogin" time="1.174"/>
  <testcase classname="com.exelenter.class05._03_HW_LoginTestNegative" name="userLogin" time="1.249"/>
  <testcase classname="com.exelenter.class05._03_HW_LoginTestNegative" name="userLogin" time="0.288"/>
  <testcase classname="com.exelenter.class05._03_HW_LoginTestNegative" name="userLogin" time="0.286"/>
  <testcase classname="com.exelenter.class05._03_HW_LoginTestNegative" name="userLogin" time="0.264"/>
  <testcase classname="com.exelenter.class05._03_HW_LoginTestNegative" name="userLogin" time="0.276"/>
  <testcase classname="com.exelenter.class05._03_HW_LoginTestNegative" name="userLogin" time="0.269"/>
</testsuite> <!-- TestNGProject -->
