<?xml version="1.0" encoding="UTF-8"?>
<!-- Generated by org.testng.reporters.JUnitXMLReporter -->
<testsuite ignored="0" hostname="DESKTOP-2336HU1" failures="0" tests="3" name="Login Test" time="20.27" errors="0" timestamp="2023-02-17T15:02:20 TRT">
  <testcase classname="test.LoginTest" name="validAdminLogin" time="4.156"/>
  <testcase classname="test.LoginTest" name="validUserInvalidPassword" time="1.205"/>
  <testcase classname="test.LoginTest" name="validUserEmptyPassword" time="0.17"/>
</testsuite> <!-- Login Test -->
