<?xml version="1.0" encoding="UTF-8"?>
<!-- Generated by org.testng.reporters.JUnitXMLReporter -->
<testsuite ignored="4" hostname="DESKTOP-2336HU1" failures="0" tests="2" name="Regression Test" time="0.038" errors="0" timestamp="2023-02-20T19:14:43 TRT">
  <testcase classname="com.exelenter.class04._01_GroupsDemo" name="test3" time="0.002"/>
  <testcase classname="com.exelenter.class04._01_GroupsDemo" name="test4" time="0.0"/>
  <testcase classname="com.exelenter.class04._01_GroupsDemo" name="test2" time="0.0">
    <ignored/>
  </testcase> <!-- test2 -->
  <testcase classname="com.exelenter.class04._01_GroupsDemo" name="test5" time="0.0">
    <ignored/>
  </testcase> <!-- test5 -->
  <testcase classname="com.exelenter.class04._01_GroupsDemo" name="test6" time="0.0">
    <ignored/>
  </testcase> <!-- test6 -->
  <testcase classname="com.exelenter.class04._01_GroupsDemo" name="test1" time="0.0">
    <ignored/>
  </testcase> <!-- test1 -->
</testsuite> <!-- Regression Test -->
