<?xml version="1.0" encoding="UTF-8"?>
<!-- Generated by org.testng.reporters.JUnitXMLReporter -->
<testsuite ignored="0" hostname="DESKTOP-2336HU1" failures="0" tests="3" name="Login Test" time="18.104" errors="0" timestamp="2023-02-17T15:13:12 TRT">
  <testcase classname="test.LoginTest" name="validAdminLogin" time="1.661"/>
  <testcase classname="test.LoginTest" name="validUserInvalidPassword" time="1.318"/>
  <testcase classname="test.LoginTest" name="validUserEmptyPassword" time="0.157"/>
</testsuite> <!-- Login Test -->
