<?xml version="1.0" encoding="UTF-8"?>
<!-- Generated by org.testng.reporters.JUnitXMLReporter -->
<testsuite ignored="0" hostname="DESKTOP-2336HU1" failures="0" tests="4" name="Excel Test" time="63.054" errors="0" timestamp="2023-02-23T12:19:25 TRT">
  <testcase classname="com.exelenter.class05._02_HW_AddEmployeeFromExcel" name="addEmployeeTest" time="11.242"/>
  <testcase classname="com.exelenter.class05._02_HW_AddEmployeeFromExcel" name="addEmployeeTest" time="10.157"/>
  <testcase classname="com.exelenter.class05._02_HW_AddEmployeeFromExcel" name="addEmployeeTest" time="11.209"/>
  <testcase classname="com.exelenter.class05._02_HW_AddEmployeeFromExcel" name="addEmployeeTest" time="10.524"/>
</testsuite> <!-- Excel Test -->
