<?xml version="1.0" encoding="UTF-8"?>
<testng-results ignored="0" total="8" passed="8" failed="0" skipped="0">
  <reporter-output>
  </reporter-output>
  <suite started-at="2023-02-23T18:56:17 TRT" name="Default Suite" finished-at="2023-02-23T18:57:25 TRT" duration-ms="67415">
    <groups>
    </groups>
    <test started-at="2023-02-23T18:56:17 TRT" name="TestNGProject" finished-at="2023-02-23T18:57:25 TRT" duration-ms="67415">
      <class name="com.exelenter.class05._03_HW_LoginTestNegative">
        <test-method is-config="true" signature="setUp()[pri:0, instance:com.exelenter.class05._03_HW_LoginTestNegative@53ca01a2]" started-at="2023-02-23T18:56:17 TRT" name="setUp" finished-at="2023-02-23T18:56:28 TRT" duration-ms="10987" status="PASS">
          <reporter-output>
          </reporter-output>
        </test-method> <!-- setUp -->
        <test-method signature="userLogin(java.lang.String, java.lang.String, java.lang.String)[pri:0, instance:com.exelenter.class05._03_HW_LoginTestNegative@53ca01a2]" started-at="2023-02-23T18:56:28 TRT" name="userLogin" data-provider="getData" finished-at="2023-02-23T18:56:30 TRT" duration-ms="1776" status="PASS">
          <params>
            <param index="0">
              <value>
                <![CDATA[Admin]]>
              </value>
            </param>
            <param index="1">
              <value>
                <![CDATA[invalidPass]]>
              </value>
            </param>
            <param index="2">
              <value>
                <![CDATA[Invalid credentials]]>
              </value>
            </param>
          </params>
          <reporter-output>
          </reporter-output>
        </test-method> <!-- userLogin -->
        <test-method is-config="true" signature="tearDown()[pri:0, instance:com.exelenter.class05._03_HW_LoginTestNegative@53ca01a2]" started-at="2023-02-23T18:56:30 TRT" name="tearDown" finished-at="2023-02-23T18:56:32 TRT" duration-ms="2184" status="PASS">
          <reporter-output>
          </reporter-output>
        </test-method> <!-- tearDown -->
        <test-method is-config="true" signature="setUp()[pri:0, instance:com.exelenter.class05._03_HW_LoginTestNegative@53ca01a2]" started-at="2023-02-23T18:56:32 TRT" name="setUp" finished-at="2023-02-23T18:56:36 TRT" duration-ms="3304" status="PASS">
          <reporter-output>
          </reporter-output>
        </test-method> <!-- setUp -->
        <test-method signature="userLogin(java.lang.String, java.lang.String, java.lang.String)[pri:0, instance:com.exelenter.class05._03_HW_LoginTestNegative@53ca01a2]" started-at="2023-02-23T18:56:36 TRT" name="userLogin" data-provider="getData" finished-at="2023-02-23T18:56:37 TRT" duration-ms="1174" status="PASS">
          <params>
            <param index="0">
              <value>
                <![CDATA[admi123]]>
              </value>
            </param>
            <param index="1">
              <value>
                <![CDATA[Exelent2022Sdet!]]>
              </value>
            </param>
            <param index="2">
              <value>
                <![CDATA[Invalid credentials]]>
              </value>
            </param>
          </params>
          <reporter-output>
          </reporter-output>
        </test-method> <!-- userLogin -->
        <test-method is-config="true" signature="tearDown()[pri:0, instance:com.exelenter.class05._03_HW_LoginTestNegative@53ca01a2]" started-at="2023-02-23T18:56:37 TRT" name="tearDown" finished-at="2023-02-23T18:56:39 TRT" duration-ms="2159" status="PASS">
          <reporter-output>
          </reporter-output>
        </test-method> <!-- tearDown -->
        <test-method is-config="true" signature="setUp()[pri:0, instance:com.exelenter.class05._03_HW_LoginTestNegative@53ca01a2]" started-at="2023-02-23T18:56:39 TRT" name="setUp" finished-at="2023-02-23T18:56:43 TRT" duration-ms="4273" status="PASS">
          <reporter-output>
          </reporter-output>
        </test-method> <!-- setUp -->
        <test-method signature="userLogin(java.lang.String, java.lang.String, java.lang.String)[pri:0, instance:com.exelenter.class05._03_HW_LoginTestNegative@53ca01a2]" started-at="2023-02-23T18:56:43 TRT" name="userLogin" data-provider="getData" finished-at="2023-02-23T18:56:45 TRT" duration-ms="1249" status="PASS">
          <params>
            <param index="0">
              <value>
                <![CDATA[admi123]]>
              </value>
            </param>
            <param index="1">
              <value>
                <![CDATA[invalidPass]]>
              </value>
            </param>
            <param index="2">
              <value>
                <![CDATA[Invalid credentials]]>
              </value>
            </param>
          </params>
          <reporter-output>
          </reporter-output>
        </test-method> <!-- userLogin -->
        <test-method is-config="true" signature="tearDown()[pri:0, instance:com.exelenter.class05._03_HW_LoginTestNegative@53ca01a2]" started-at="2023-02-23T18:56:45 TRT" name="tearDown" finished-at="2023-02-23T18:56:47 TRT" duration-ms="2179" status="PASS">
          <reporter-output>
          </reporter-output>
        </test-method> <!-- tearDown -->
        <test-method is-config="true" signature="setUp()[pri:0, instance:com.exelenter.class05._03_HW_LoginTestNegative@53ca01a2]" started-at="2023-02-23T18:56:47 TRT" name="setUp" finished-at="2023-02-23T18:56:50 TRT" duration-ms="3069" status="PASS">
          <reporter-output>
          </reporter-output>
        </test-method> <!-- setUp -->
        <test-method signature="userLogin(java.lang.String, java.lang.String, java.lang.String)[pri:0, instance:com.exelenter.class05._03_HW_LoginTestNegative@53ca01a2]" started-at="2023-02-23T18:56:50 TRT" name="userLogin" data-provider="getData" finished-at="2023-02-23T18:56:50 TRT" duration-ms="288" status="PASS">
          <params>
            <param index="0">
              <value>
                <![CDATA[Admin]]>
              </value>
            </param>
            <param index="1">
              <value>
                <![CDATA[]]>
              </value>
            </param>
            <param index="2">
              <value>
                <![CDATA[Password cannot be empty]]>
              </value>
            </param>
          </params>
          <reporter-output>
          </reporter-output>
        </test-method> <!-- userLogin -->
        <test-method is-config="true" signature="tearDown()[pri:0, instance:com.exelenter.class05._03_HW_LoginTestNegative@53ca01a2]" started-at="2023-02-23T18:56:50 TRT" name="tearDown" finished-at="2023-02-23T18:56:52 TRT" duration-ms="2218" status="PASS">
          <reporter-output>
          </reporter-output>
        </test-method> <!-- tearDown -->
        <test-method is-config="true" signature="setUp()[pri:0, instance:com.exelenter.class05._03_HW_LoginTestNegative@53ca01a2]" started-at="2023-02-23T18:56:52 TRT" name="setUp" finished-at="2023-02-23T18:56:56 TRT" duration-ms="3930" status="PASS">
          <reporter-output>
          </reporter-output>
        </test-method> <!-- setUp -->
        <test-method signature="userLogin(java.lang.String, java.lang.String, java.lang.String)[pri:0, instance:com.exelenter.class05._03_HW_LoginTestNegative@53ca01a2]" started-at="2023-02-23T18:56:56 TRT" name="userLogin" data-provider="getData" finished-at="2023-02-23T18:56:56 TRT" duration-ms="286" status="PASS">
          <params>
            <param index="0">
              <value>
                <![CDATA[Admi123]]>
              </value>
            </param>
            <param index="1">
              <value>
                <![CDATA[]]>
              </value>
            </param>
            <param index="2">
              <value>
                <![CDATA[Password cannot be empty]]>
              </value>
            </param>
          </params>
          <reporter-output>
          </reporter-output>
        </test-method> <!-- userLogin -->
        <test-method is-config="true" signature="tearDown()[pri:0, instance:com.exelenter.class05._03_HW_LoginTestNegative@53ca01a2]" started-at="2023-02-23T18:56:56 TRT" name="tearDown" finished-at="2023-02-23T18:56:59 TRT" duration-ms="2198" status="PASS">
          <reporter-output>
          </reporter-output>
        </test-method> <!-- tearDown -->
        <test-method is-config="true" signature="setUp()[pri:0, instance:com.exelenter.class05._03_HW_LoginTestNegative@53ca01a2]" started-at="2023-02-23T18:56:59 TRT" name="setUp" finished-at="2023-02-23T18:57:04 TRT" duration-ms="5373" status="PASS">
          <reporter-output>
          </reporter-output>
        </test-method> <!-- setUp -->
        <test-method signature="userLogin(java.lang.String, java.lang.String, java.lang.String)[pri:0, instance:com.exelenter.class05._03_HW_LoginTestNegative@53ca01a2]" started-at="2023-02-23T18:57:04 TRT" name="userLogin" data-provider="getData" finished-at="2023-02-23T18:57:04 TRT" duration-ms="264" status="PASS">
          <params>
            <param index="0">
              <value>
                <![CDATA[]]>
              </value>
            </param>
            <param index="1">
              <value>
                <![CDATA[Exelent2022Sdet!]]>
              </value>
            </param>
            <param index="2">
              <value>
                <![CDATA[Username cannot be empty]]>
              </value>
            </param>
          </params>
          <reporter-output>
          </reporter-output>
        </test-method> <!-- userLogin -->
        <test-method is-config="true" signature="tearDown()[pri:0, instance:com.exelenter.class05._03_HW_LoginTestNegative@53ca01a2]" started-at="2023-02-23T18:57:04 TRT" name="tearDown" finished-at="2023-02-23T18:57:07 TRT" duration-ms="2188" status="PASS">
          <reporter-output>
          </reporter-output>
        </test-method> <!-- tearDown -->
        <test-method is-config="true" signature="setUp()[pri:0, instance:com.exelenter.class05._03_HW_LoginTestNegative@53ca01a2]" started-at="2023-02-23T18:57:07 TRT" name="setUp" finished-at="2023-02-23T18:57:15 TRT" duration-ms="8175" status="PASS">
          <reporter-output>
          </reporter-output>
        </test-method> <!-- setUp -->
        <test-method signature="userLogin(java.lang.String, java.lang.String, java.lang.String)[pri:0, instance:com.exelenter.class05._03_HW_LoginTestNegative@53ca01a2]" started-at="2023-02-23T18:57:15 TRT" name="userLogin" data-provider="getData" finished-at="2023-02-23T18:57:15 TRT" duration-ms="276" status="PASS">
          <params>
            <param index="0">
              <value>
                <![CDATA[]]>
              </value>
            </param>
            <param index="1">
              <value>
                <![CDATA[invalidPass]]>
              </value>
            </param>
            <param index="2">
              <value>
                <![CDATA[Username cannot be empty]]>
              </value>
            </param>
          </params>
          <reporter-output>
          </reporter-output>
        </test-method> <!-- userLogin -->
        <test-method is-config="true" signature="tearDown()[pri:0, instance:com.exelenter.class05._03_HW_LoginTestNegative@53ca01a2]" started-at="2023-02-23T18:57:15 TRT" name="tearDown" finished-at="2023-02-23T18:57:17 TRT" duration-ms="2191" status="PASS">
          <reporter-output>
          </reporter-output>
        </test-method> <!-- tearDown -->
        <test-method is-config="true" signature="setUp()[pri:0, instance:com.exelenter.class05._03_HW_LoginTestNegative@53ca01a2]" started-at="2023-02-23T18:57:17 TRT" name="setUp" finished-at="2023-02-23T18:57:22 TRT" duration-ms="5243" status="PASS">
          <reporter-output>
          </reporter-output>
        </test-method> <!-- setUp -->
        <test-method signature="userLogin(java.lang.String, java.lang.String, java.lang.String)[pri:0, instance:com.exelenter.class05._03_HW_LoginTestNegative@53ca01a2]" started-at="2023-02-23T18:57:22 TRT" name="userLogin" data-provider="getData" finished-at="2023-02-23T18:57:23 TRT" duration-ms="269" status="PASS">
          <params>
            <param index="0">
              <value>
                <![CDATA[]]>
              </value>
            </param>
            <param index="1">
              <value>
                <![CDATA[]]>
              </value>
            </param>
            <param index="2">
              <value>
                <![CDATA[Username cannot be empty]]>
              </value>
            </param>
          </params>
          <reporter-output>
          </reporter-output>
        </test-method> <!-- userLogin -->
        <test-method is-config="true" signature="tearDown()[pri:0, instance:com.exelenter.class05._03_HW_LoginTestNegative@53ca01a2]" started-at="2023-02-23T18:57:23 TRT" name="tearDown" finished-at="2023-02-23T18:57:25 TRT" duration-ms="2131" status="PASS">
          <reporter-output>
          </reporter-output>
        </test-method> <!-- tearDown -->
      </class> <!-- com.exelenter.class05._03_HW_LoginTestNegative -->
    </test> <!-- TestNGProject -->
  </suite> <!-- Default Suite -->
</testng-results>
